{"/Users/tohhongxiang/Desktop/Programming/CZ3002-Backend/src/constants.ts": {"path":"/Users/tohhongxiang/Desktop/Programming/CZ3002-Backend/src/constants.ts","statementMap":{"0":{"start":{"line":1,"column":16},"end":{"line":1,"column":57}},"1":{"start":{"line":4,"column":4},"end":{"line":4,"column":11}}},"fnMap":{},"branchMap":{},"s":{"0":3,"1":3},"f":{},"b":{}}
,"/Users/tohhongxiang/Desktop/Programming/CZ3002-Backend/src/services/getAuthToken.ts": {"path":"/Users/tohhongxiang/Desktop/Programming/CZ3002-Backend/src/services/getAuthToken.ts","statementMap":{"0":{"start":{"line":1,"column":0},"end":{"line":1,"column":38}},"1":{"start":{"line":2,"column":0},"end":{"line":2,"column":30}},"2":{"start":{"line":8,"column":21},"end":{"line":23,"column":null}},"3":{"start":{"line":9,"column":17},"end":{"line":16,"column":69}},"4":{"start":{"line":16,"column":24},"end":{"line":16,"column":40}},"5":{"start":{"line":9,"column":10},"end":{"line":16,"column":null}},"6":{"start":{"line":18,"column":4},"end":{"line":20,"column":null}},"7":{"start":{"line":19,"column":8},"end":{"line":19,"column":null}},"8":{"start":{"line":22,"column":4},"end":{"line":22,"column":null}},"9":{"start":{"line":25,"column":0},"end":{"line":25,"column":null}}},"fnMap":{"0":{"name":"(anonymous_14)","decl":{"start":{"line":8,"column":21},"end":{"line":8,"column":null}},"loc":{"start":{"line":8,"column":21},"end":{"line":23,"column":null}}},"1":{"name":"(anonymous_17)","decl":{"start":{"line":16,"column":12},"end":{"line":16,"column":20}},"loc":{"start":{"line":16,"column":20},"end":{"line":16,"column":32}}}},"branchMap":{"0":{"loc":{"start":{"line":9,"column":17},"end":{"line":16,"column":69}},"type":"switch","locations":[{"start":{"line":9,"column":17},"end":{"line":16,"column":69}}]},"1":{"loc":{"start":{"line":18,"column":4},"end":{"line":20,"column":null}},"type":"if","locations":[{"start":{"line":18,"column":4},"end":{"line":20,"column":null}}]}},"s":{"0":3,"1":3,"2":8,"3":5,"4":5,"5":5,"6":5,"7":2,"8":3,"9":3},"f":{"0":10,"1":5},"b":{"0":[5],"1":[2]}}
,"/Users/tohhongxiang/Desktop/Programming/CZ3002-Backend/src/services/getBusInformation.ts": {"path":"/Users/tohhongxiang/Desktop/Programming/CZ3002-Backend/src/services/getBusInformation.ts","statementMap":{"0":{"start":{"line":2,"column":0},"end":{"line":2,"column":37}},"1":{"start":{"line":4,"column":26},"end":{"line":19,"column":null}},"2":{"start":{"line":4,"column":71},"end":{"line":19,"column":null}},"3":{"start":{"line":5,"column":21},"end":{"line":8,"column":null}},"4":{"start":{"line":5,"column":12},"end":{"line":5,"column":21}},"5":{"start":{"line":10,"column":4},"end":{"line":12,"column":null}},"6":{"start":{"line":11,"column":8},"end":{"line":11,"column":null}},"7":{"start":{"line":14,"column":4},"end":{"line":16,"column":null}},"8":{"start":{"line":15,"column":8},"end":{"line":15,"column":null}},"9":{"start":{"line":18,"column":4},"end":{"line":18,"column":null}},"10":{"start":{"line":21,"column":0},"end":{"line":21,"column":null}}},"fnMap":{"0":{"name":"(anonymous_14)","decl":{"start":{"line":4,"column":26},"end":{"line":4,"column":33}},"loc":{"start":{"line":4,"column":71},"end":{"line":19,"column":null}}},"1":{"name":"(anonymous_15)","decl":{"start":{"line":4,"column":71},"end":{"line":4,"column":null}},"loc":{"start":{"line":4,"column":71},"end":{"line":19,"column":null}}}},"branchMap":{"0":{"loc":{"start":{"line":5,"column":21},"end":{"line":8,"column":null}},"type":"switch","locations":[{"start":{"line":5,"column":21},"end":{"line":8,"column":null}}]},"1":{"loc":{"start":{"line":10,"column":4},"end":{"line":12,"column":null}},"type":"if","locations":[{"start":{"line":10,"column":4},"end":{"line":12,"column":null}}]},"2":{"loc":{"start":{"line":14,"column":4},"end":{"line":16,"column":null}},"type":"if","locations":[{"start":{"line":14,"column":4},"end":{"line":16,"column":null}}]}},"s":{"0":2,"1":2,"2":4,"3":4,"4":4,"5":4,"6":1,"7":3,"8":1,"9":2,"10":2},"f":{"0":4,"1":4},"b":{"0":[4],"1":[1],"2":[1]}}
,"/Users/tohhongxiang/Desktop/Programming/CZ3002-Backend/src/services/getDirection.ts": {"path":"/Users/tohhongxiang/Desktop/Programming/CZ3002-Backend/src/services/getDirection.ts","statementMap":{"0":{"start":{"line":9,"column":4},"end":{"line":69,"column":null}},"1":{"start":{"line":10,"column":8},"end":{"line":14,"column":null}},"2":{"start":{"line":11,"column":12},"end":{"line":11,"column":null}},"3":{"start":{"line":13,"column":12},"end":{"line":13,"column":null}},"4":{"start":{"line":15,"column":11},"end":{"line":69,"column":null}},"5":{"start":{"line":16,"column":8},"end":{"line":20,"column":null}},"6":{"start":{"line":17,"column":12},"end":{"line":17,"column":null}},"7":{"start":{"line":19,"column":12},"end":{"line":19,"column":null}},"8":{"start":{"line":21,"column":11},"end":{"line":69,"column":null}},"9":{"start":{"line":22,"column":8},"end":{"line":26,"column":null}},"10":{"start":{"line":23,"column":12},"end":{"line":23,"column":null}},"11":{"start":{"line":25,"column":12},"end":{"line":25,"column":null}},"12":{"start":{"line":27,"column":11},"end":{"line":69,"column":null}},"13":{"start":{"line":28,"column":8},"end":{"line":32,"column":null}},"14":{"start":{"line":29,"column":12},"end":{"line":29,"column":null}},"15":{"start":{"line":31,"column":12},"end":{"line":31,"column":null}},"16":{"start":{"line":33,"column":11},"end":{"line":69,"column":null}},"17":{"start":{"line":34,"column":8},"end":{"line":38,"column":null}},"18":{"start":{"line":35,"column":12},"end":{"line":35,"column":null}},"19":{"start":{"line":37,"column":12},"end":{"line":37,"column":null}},"20":{"start":{"line":39,"column":11},"end":{"line":69,"column":null}},"21":{"start":{"line":40,"column":8},"end":{"line":44,"column":null}},"22":{"start":{"line":41,"column":12},"end":{"line":41,"column":null}},"23":{"start":{"line":43,"column":12},"end":{"line":43,"column":null}},"24":{"start":{"line":45,"column":11},"end":{"line":69,"column":null}},"25":{"start":{"line":46,"column":8},"end":{"line":48,"column":null}},"26":{"start":{"line":47,"column":12},"end":{"line":47,"column":null}},"27":{"start":{"line":50,"column":8},"end":{"line":52,"column":null}},"28":{"start":{"line":51,"column":12},"end":{"line":51,"column":null}},"29":{"start":{"line":54,"column":8},"end":{"line":54,"column":null}},"30":{"start":{"line":55,"column":11},"end":{"line":69,"column":null}},"31":{"start":{"line":56,"column":8},"end":{"line":60,"column":null}},"32":{"start":{"line":57,"column":12},"end":{"line":57,"column":null}},"33":{"start":{"line":59,"column":12},"end":{"line":59,"column":null}},"34":{"start":{"line":61,"column":11},"end":{"line":69,"column":null}},"35":{"start":{"line":62,"column":8},"end":{"line":62,"column":null}},"36":{"start":{"line":63,"column":11},"end":{"line":69,"column":null}},"37":{"start":{"line":64,"column":8},"end":{"line":64,"column":null}},"38":{"start":{"line":65,"column":11},"end":{"line":69,"column":null}},"39":{"start":{"line":66,"column":8},"end":{"line":66,"column":null}},"40":{"start":{"line":68,"column":8},"end":{"line":68,"column":null}},"41":{"start":{"line":8,"column":0},"end":{"line":8,"column":16}},"42":{"start":{"line":72,"column":0},"end":{"line":72,"column":null}}},"fnMap":{"0":{"name":"getDirection","decl":{"start":{"line":8,"column":16},"end":{"line":8,"column":28}},"loc":{"start":{"line":8,"column":110},"end":{"line":70,"column":1}}}},"branchMap":{"0":{"loc":{"start":{"line":9,"column":4},"end":{"line":69,"column":null}},"type":"if","locations":[{"start":{"line":9,"column":4},"end":{"line":69,"column":null}},{"start":{"line":15,"column":11},"end":{"line":69,"column":null}}]},"1":{"loc":{"start":{"line":10,"column":8},"end":{"line":14,"column":null}},"type":"if","locations":[{"start":{"line":10,"column":8},"end":{"line":14,"column":null}},{"start":{"line":12,"column":15},"end":{"line":14,"column":null}}]},"2":{"loc":{"start":{"line":15,"column":11},"end":{"line":69,"column":null}},"type":"if","locations":[{"start":{"line":15,"column":11},"end":{"line":69,"column":null}},{"start":{"line":21,"column":11},"end":{"line":69,"column":null}}]},"3":{"loc":{"start":{"line":16,"column":8},"end":{"line":20,"column":null}},"type":"if","locations":[{"start":{"line":16,"column":8},"end":{"line":20,"column":null}},{"start":{"line":18,"column":15},"end":{"line":20,"column":null}}]},"4":{"loc":{"start":{"line":21,"column":11},"end":{"line":69,"column":null}},"type":"if","locations":[{"start":{"line":21,"column":11},"end":{"line":69,"column":null}},{"start":{"line":27,"column":11},"end":{"line":69,"column":null}}]},"5":{"loc":{"start":{"line":22,"column":8},"end":{"line":26,"column":null}},"type":"if","locations":[{"start":{"line":22,"column":8},"end":{"line":26,"column":null}},{"start":{"line":24,"column":15},"end":{"line":26,"column":null}}]},"6":{"loc":{"start":{"line":27,"column":11},"end":{"line":69,"column":null}},"type":"if","locations":[{"start":{"line":27,"column":11},"end":{"line":69,"column":null}},{"start":{"line":33,"column":11},"end":{"line":69,"column":null}}]},"7":{"loc":{"start":{"line":28,"column":8},"end":{"line":32,"column":null}},"type":"if","locations":[{"start":{"line":28,"column":8},"end":{"line":32,"column":null}},{"start":{"line":30,"column":15},"end":{"line":32,"column":null}}]},"8":{"loc":{"start":{"line":33,"column":11},"end":{"line":69,"column":null}},"type":"if","locations":[{"start":{"line":33,"column":11},"end":{"line":69,"column":null}},{"start":{"line":39,"column":11},"end":{"line":69,"column":null}}]},"9":{"loc":{"start":{"line":34,"column":8},"end":{"line":38,"column":null}},"type":"if","locations":[{"start":{"line":34,"column":8},"end":{"line":38,"column":null}},{"start":{"line":36,"column":15},"end":{"line":38,"column":null}}]},"10":{"loc":{"start":{"line":39,"column":11},"end":{"line":69,"column":null}},"type":"if","locations":[{"start":{"line":39,"column":11},"end":{"line":69,"column":null}},{"start":{"line":45,"column":11},"end":{"line":69,"column":null}}]},"11":{"loc":{"start":{"line":40,"column":8},"end":{"line":44,"column":null}},"type":"if","locations":[{"start":{"line":40,"column":8},"end":{"line":44,"column":null}},{"start":{"line":42,"column":15},"end":{"line":44,"column":null}}]},"12":{"loc":{"start":{"line":45,"column":11},"end":{"line":69,"column":null}},"type":"if","locations":[{"start":{"line":45,"column":11},"end":{"line":69,"column":null}},{"start":{"line":55,"column":11},"end":{"line":69,"column":null}}]},"13":{"loc":{"start":{"line":46,"column":8},"end":{"line":48,"column":null}},"type":"if","locations":[{"start":{"line":46,"column":8},"end":{"line":48,"column":null}}]},"14":{"loc":{"start":{"line":50,"column":8},"end":{"line":52,"column":null}},"type":"if","locations":[{"start":{"line":50,"column":8},"end":{"line":52,"column":null}}]},"15":{"loc":{"start":{"line":55,"column":11},"end":{"line":69,"column":null}},"type":"if","locations":[{"start":{"line":55,"column":11},"end":{"line":69,"column":null}},{"start":{"line":61,"column":11},"end":{"line":69,"column":null}}]},"16":{"loc":{"start":{"line":56,"column":8},"end":{"line":60,"column":null}},"type":"if","locations":[{"start":{"line":56,"column":8},"end":{"line":60,"column":null}},{"start":{"line":58,"column":15},"end":{"line":60,"column":null}}]},"17":{"loc":{"start":{"line":61,"column":11},"end":{"line":69,"column":null}},"type":"if","locations":[{"start":{"line":61,"column":11},"end":{"line":69,"column":null}},{"start":{"line":63,"column":11},"end":{"line":69,"column":null}}]},"18":{"loc":{"start":{"line":63,"column":11},"end":{"line":69,"column":null}},"type":"if","locations":[{"start":{"line":63,"column":11},"end":{"line":69,"column":null}},{"start":{"line":65,"column":11},"end":{"line":69,"column":null}}]},"19":{"loc":{"start":{"line":65,"column":11},"end":{"line":69,"column":null}},"type":"if","locations":[{"start":{"line":65,"column":11},"end":{"line":69,"column":null}},{"start":{"line":67,"column":11},"end":{"line":69,"column":null}}]}},"s":{"0":22,"1":3,"2":2,"3":1,"4":19,"5":3,"6":1,"7":2,"8":16,"9":5,"10":3,"11":2,"12":11,"13":2,"14":1,"15":1,"16":9,"17":2,"18":1,"19":1,"20":7,"21":2,"22":1,"23":1,"24":5,"25":3,"26":1,"27":2,"28":1,"29":1,"30":2,"31":2,"32":1,"33":1,"34":0,"35":0,"36":0,"37":0,"38":0,"39":0,"40":0,"41":2,"42":2},"f":{"0":22},"b":{"0":[3,19],"1":[2,1],"2":[3,16],"3":[1,2],"4":[5,11],"5":[3,2],"6":[2,9],"7":[1,1],"8":[2,7],"9":[1,1],"10":[2,5],"11":[1,1],"12":[3,2],"13":[1],"14":[1],"15":[2,0],"16":[1,1],"17":[0,0],"18":[0,0],"19":[0,0]}}
,"/Users/tohhongxiang/Desktop/Programming/CZ3002-Backend/src/services/getLastRoute.ts": {"path":"/Users/tohhongxiang/Desktop/Programming/CZ3002-Backend/src/services/getLastRoute.ts","statementMap":{"0":{"start":{"line":1,"column":0},"end":{"line":1,"column":48}},"1":{"start":{"line":2,"column":0},"end":{"line":2,"column":83}},"2":{"start":{"line":9,"column":34},"end":{"line":9,"column":66}},"3":{"start":{"line":9,"column":59},"end":{"line":69,"column":null}},"4":{"start":{"line":9,"column":92},"end":{"line":69,"column":null}},"5":{"start":{"line":11,"column":10},"end":{"line":11,"column":42}},"6":{"start":{"line":12,"column":10},"end":{"line":15,"column":null}},"7":{"start":{"line":16,"column":10},"end":{"line":16,"column":28}},"8":{"start":{"line":19,"column":18},"end":{"line":19,"column":null}},"9":{"start":{"line":19,"column":10},"end":{"line":19,"column":null}},"10":{"start":{"line":23,"column":10},"end":{"line":23,"column":null}},"11":{"start":{"line":24,"column":24},"end":{"line":24,"column":null}},"12":{"start":{"line":24,"column":10},"end":{"line":24,"column":null}},"13":{"start":{"line":27,"column":8},"end":{"line":27,"column":null}},"14":{"start":{"line":28,"column":8},"end":{"line":28,"column":null}},"15":{"start":{"line":29,"column":4},"end":{"line":44,"column":null}},"16":{"start":{"line":30,"column":16},"end":{"line":30,"column":31}},"17":{"start":{"line":31,"column":8},"end":{"line":33,"column":null}},"18":{"start":{"line":32,"column":12},"end":{"line":32,"column":20}},"19":{"start":{"line":35,"column":12},"end":{"line":35,"column":52}},"20":{"start":{"line":36,"column":8},"end":{"line":38,"column":null}},"21":{"start":{"line":37,"column":12},"end":{"line":37,"column":37}},"22":{"start":{"line":40,"column":8},"end":{"line":43,"column":null}},"23":{"start":{"line":41,"column":12},"end":{"line":41,"column":null}},"24":{"start":{"line":42,"column":12},"end":{"line":42,"column":null}},"25":{"start":{"line":47,"column":4},"end":{"line":49,"column":null}},"26":{"start":{"line":48,"column":8},"end":{"line":48,"column":31}},"27":{"start":{"line":52,"column":10},"end":{"line":52,"column":null}},"28":{"start":{"line":52,"column":75},"end":{"line":52,"column":89}},"29":{"start":{"line":52,"column":107},"end":{"line":52,"column":114}},"30":{"start":{"line":55,"column":8},"end":{"line":55,"column":null}},"31":{"start":{"line":56,"column":4},"end":{"line":56,"column":null}},"32":{"start":{"line":57,"column":4},"end":{"line":57,"column":null}},"33":{"start":{"line":58,"column":8},"end":{"line":58,"column":null}},"34":{"start":{"line":61,"column":4},"end":{"line":66,"column":null}},"35":{"start":{"line":62,"column":8},"end":{"line":62,"column":null}},"36":{"start":{"line":63,"column":8},"end":{"line":63,"column":null}},"37":{"start":{"line":65,"column":8},"end":{"line":65,"column":null}},"38":{"start":{"line":68,"column":4},"end":{"line":68,"column":null}},"39":{"start":{"line":9,"column":13},"end":{"line":9,"column":34}},"40":{"start":{"line":76,"column":21},"end":{"line":76,"column":49}},"41":{"start":{"line":77,"column":0},"end":{"line":77,"column":null}}},"fnMap":{"0":{"name":"(anonymous_16)","decl":{"start":{"line":9,"column":34},"end":{"line":9,"column":35}},"loc":{"start":{"line":9,"column":54},"end":{"line":9,"column":66}}},"1":{"name":"(anonymous_17)","decl":{"start":{"line":9,"column":59},"end":{"line":9,"column":66}},"loc":{"start":{"line":9,"column":92},"end":{"line":69,"column":null}}},"2":{"name":"(anonymous_18)","decl":{"start":{"line":9,"column":92},"end":{"line":9,"column":null}},"loc":{"start":{"line":9,"column":92},"end":{"line":69,"column":null}}},"3":{"name":"(anonymous_20)","decl":{"start":{"line":52,"column":67},"end":{"line":52,"column":71}},"loc":{"start":{"line":52,"column":71},"end":{"line":52,"column":79}}},"4":{"name":"(anonymous_21)","decl":{"start":{"line":52,"column":97},"end":{"line":52,"column":98}},"loc":{"start":{"line":52,"column":102},"end":{"line":52,"column":108}}}},"branchMap":{"0":{"loc":{"start":{"line":31,"column":8},"end":{"line":33,"column":null}},"type":"if","locations":[{"start":{"line":31,"column":8},"end":{"line":33,"column":null}}]},"1":{"loc":{"start":{"line":36,"column":8},"end":{"line":38,"column":null}},"type":"if","locations":[{"start":{"line":36,"column":8},"end":{"line":38,"column":null}}]},"2":{"loc":{"start":{"line":40,"column":8},"end":{"line":43,"column":null}},"type":"if","locations":[{"start":{"line":40,"column":8},"end":{"line":43,"column":null}}]},"3":{"loc":{"start":{"line":47,"column":4},"end":{"line":49,"column":null}},"type":"if","locations":[{"start":{"line":47,"column":4},"end":{"line":49,"column":null}}]}},"s":{"0":1,"1":1,"2":1,"3":3,"4":2,"5":2,"6":2,"7":2,"8":2,"9":1,"10":1,"11":1,"12":1,"13":1,"14":1,"15":1,"16":6,"17":6,"18":4,"19":2,"20":2,"21":1,"22":2,"23":2,"24":2,"25":1,"26":0,"27":1,"28":3,"29":3,"30":1,"31":1,"32":1,"33":1,"34":1,"35":6,"36":6,"37":6,"38":1,"39":1,"40":1,"41":1},"f":{"0":3,"1":2,"2":2,"3":3,"4":3},"b":{"0":[4],"1":[1],"2":[2],"3":[0]}}
,"/Users/tohhongxiang/Desktop/Programming/CZ3002-Backend/src/services/getPublicTransportTimingFromRoute.ts": {"path":"/Users/tohhongxiang/Desktop/Programming/CZ3002-Backend/src/services/getPublicTransportTimingFromRoute.ts","statementMap":{"0":{"start":{"line":2,"column":0},"end":{"line":2,"column":51}},"1":{"start":{"line":3,"column":0},"end":{"line":3,"column":55}},"2":{"start":{"line":4,"column":0},"end":{"line":4,"column":41}},"3":{"start":{"line":14,"column":10},"end":{"line":14,"column":80}},"4":{"start":{"line":18,"column":14},"end":{"line":18,"column":null}},"5":{"start":{"line":19,"column":14},"end":{"line":19,"column":38}},"6":{"start":{"line":20,"column":14},"end":{"line":20,"column":null}},"7":{"start":{"line":21,"column":14},"end":{"line":21,"column":null}},"8":{"start":{"line":23,"column":14},"end":{"line":23,"column":30}},"9":{"start":{"line":24,"column":12},"end":{"line":24,"column":16}},"10":{"start":{"line":25,"column":18},"end":{"line":25,"column":56}},"11":{"start":{"line":26,"column":18},"end":{"line":26,"column":null}},"12":{"start":{"line":27,"column":18},"end":{"line":27,"column":null}},"13":{"start":{"line":30,"column":35},"end":{"line":30,"column":null}},"14":{"start":{"line":30,"column":18},"end":{"line":30,"column":null}},"15":{"start":{"line":32,"column":12},"end":{"line":34,"column":null}},"16":{"start":{"line":33,"column":16},"end":{"line":33,"column":null}},"17":{"start":{"line":36,"column":16},"end":{"line":36,"column":93}},"18":{"start":{"line":36,"column":57},"end":{"line":36,"column":92}},"19":{"start":{"line":38,"column":16},"end":{"line":38,"column":27}},"20":{"start":{"line":39,"column":12},"end":{"line":47,"column":null}},"21":{"start":{"line":40,"column":16},"end":{"line":40,"column":null}},"22":{"start":{"line":41,"column":19},"end":{"line":47,"column":null}},"23":{"start":{"line":42,"column":16},"end":{"line":42,"column":null}},"24":{"start":{"line":43,"column":19},"end":{"line":47,"column":null}},"25":{"start":{"line":44,"column":16},"end":{"line":44,"column":null}},"26":{"start":{"line":46,"column":16},"end":{"line":46,"column":null}},"27":{"start":{"line":49,"column":12},"end":{"line":49,"column":null}},"28":{"start":{"line":50,"column":19},"end":{"line":50,"column":23}},"29":{"start":{"line":51,"column":18},"end":{"line":51,"column":35}},"30":{"start":{"line":52,"column":18},"end":{"line":52,"column":null}},"31":{"start":{"line":53,"column":18},"end":{"line":53,"column":null}},"32":{"start":{"line":54,"column":18},"end":{"line":54,"column":null}},"33":{"start":{"line":55,"column":18},"end":{"line":55,"column":null}},"34":{"start":{"line":56,"column":18},"end":{"line":56,"column":null}},"35":{"start":{"line":59,"column":37},"end":{"line":59,"column":null}},"36":{"start":{"line":59,"column":18},"end":{"line":59,"column":null}},"37":{"start":{"line":61,"column":12},"end":{"line":63,"column":null}},"38":{"start":{"line":62,"column":16},"end":{"line":62,"column":null}},"39":{"start":{"line":65,"column":18},"end":{"line":65,"column":null}},"40":{"start":{"line":66,"column":18},"end":{"line":68,"column":null}},"41":{"start":{"line":67,"column":37},"end":{"line":67,"column":58}},"42":{"start":{"line":68,"column":39},"end":{"line":68,"column":66}},"43":{"start":{"line":70,"column":12},"end":{"line":70,"column":null}},"44":{"start":{"line":72,"column":12},"end":{"line":72,"column":null}},"45":{"start":{"line":17,"column":13},"end":{"line":17,"column":20}},"46":{"start":{"line":17,"column":20},"end":{"line":17,"column":38}},"47":{"start":{"line":17,"column":36},"end":{"line":17,"column":38}},"48":{"start":{"line":17,"column":13},"end":{"line":17,"column":17}},"49":{"start":{"line":17,"column":38},"end":{"line":17,"column":null}},"50":{"start":{"line":76,"column":4},"end":{"line":76,"column":null}},"51":{"start":{"line":13,"column":0},"end":{"line":13,"column":22}},"52":{"start":{"line":79,"column":0},"end":{"line":79,"column":null}}},"fnMap":{"0":{"name":"getPublicTransportTimingFromRoute","decl":{"start":{"line":13,"column":22},"end":{"line":13,"column":55}},"loc":{"start":{"line":13,"column":94},"end":{"line":77,"column":null}}},"1":{"name":"(anonymous_19)","decl":{"start":{"line":36,"column":49},"end":{"line":36,"column":53}},"loc":{"start":{"line":36,"column":53},"end":{"line":36,"column":61}}},"2":{"name":"(anonymous_20)","decl":{"start":{"line":67,"column":22},"end":{"line":67,"column":23}},"loc":{"start":{"line":67,"column":32},"end":{"line":67,"column":41}}},"3":{"name":"(anonymous_21)","decl":{"start":{"line":68,"column":22},"end":{"line":68,"column":23}},"loc":{"start":{"line":68,"column":34},"end":{"line":68,"column":45}}}},"branchMap":{"0":{"loc":{"start":{"line":76,"column":4},"end":{"line":76,"column":null}},"type":"switch","locations":[{"start":{"line":76,"column":4},"end":{"line":76,"column":null}}]},"1":{"loc":{"start":{"line":24,"column":12},"end":{"line":24,"column":16}},"type":"if","locations":[{"start":{"line":24,"column":12},"end":{"line":24,"column":16}}]},"2":{"loc":{"start":{"line":32,"column":12},"end":{"line":34,"column":null}},"type":"if","locations":[{"start":{"line":32,"column":12},"end":{"line":34,"column":null}}]},"3":{"loc":{"start":{"line":39,"column":12},"end":{"line":47,"column":null}},"type":"if","locations":[{"start":{"line":39,"column":12},"end":{"line":47,"column":null}},{"start":{"line":41,"column":19},"end":{"line":47,"column":null}}]},"4":{"loc":{"start":{"line":41,"column":19},"end":{"line":47,"column":null}},"type":"if","locations":[{"start":{"line":41,"column":19},"end":{"line":47,"column":null}},{"start":{"line":43,"column":19},"end":{"line":47,"column":null}}]},"5":{"loc":{"start":{"line":43,"column":19},"end":{"line":47,"column":null}},"type":"if","locations":[{"start":{"line":43,"column":19},"end":{"line":47,"column":null}},{"start":{"line":45,"column":19},"end":{"line":47,"column":null}}]},"6":{"loc":{"start":{"line":50,"column":19},"end":{"line":50,"column":23}},"type":"if","locations":[{"start":{"line":50,"column":19},"end":{"line":50,"column":23}}]},"7":{"loc":{"start":{"line":61,"column":12},"end":{"line":63,"column":null}},"type":"if","locations":[{"start":{"line":61,"column":12},"end":{"line":63,"column":null}}]},"8":{"loc":{"start":{"line":17,"column":20},"end":{"line":17,"column":38}},"type":"if","locations":[{"start":{"line":17,"column":20},"end":{"line":17,"column":38}}]}},"s":{"0":1,"1":1,"2":1,"3":1,"4":6,"5":6,"6":6,"7":6,"8":6,"9":11,"10":1,"11":1,"12":1,"13":1,"14":1,"15":1,"16":0,"17":1,"18":1,"19":1,"20":1,"21":0,"22":1,"23":0,"24":1,"25":0,"26":1,"27":1,"28":8,"29":2,"30":2,"31":2,"32":2,"33":2,"34":2,"35":2,"36":2,"37":2,"38":0,"39":2,"40":2,"41":2,"42":3,"43":2,"44":3,"45":1,"46":7,"47":1,"48":6,"49":6,"50":1,"51":1,"52":1},"f":{"0":1,"1":1,"2":2,"3":3},"b":{"0":[1],"1":[5],"2":[0],"3":[0,1],"4":[0,1],"5":[0,1],"6":[3],"7":[0],"8":[1]}}
,"/Users/tohhongxiang/Desktop/Programming/CZ3002-Backend/src/services/getRoute.ts": {"path":"/Users/tohhongxiang/Desktop/Programming/CZ3002-Backend/src/services/getRoute.ts","statementMap":{"0":{"start":{"line":1,"column":0},"end":{"line":1,"column":38}},"1":{"start":{"line":3,"column":0},"end":{"line":3,"column":41}},"2":{"start":{"line":4,"column":0},"end":{"line":4,"column":30}},"3":{"start":{"line":28,"column":18},"end":{"line":28,"column":null}},"4":{"start":{"line":28,"column":10},"end":{"line":28,"column":null}},"5":{"start":{"line":29,"column":10},"end":{"line":29,"column":null}},"6":{"start":{"line":30,"column":10},"end":{"line":30,"column":null}},"7":{"start":{"line":31,"column":12},"end":{"line":31,"column":27}},"8":{"start":{"line":33,"column":17},"end":{"line":35,"column":54}},"9":{"start":{"line":35,"column":20},"end":{"line":35,"column":31}},"10":{"start":{"line":33,"column":10},"end":{"line":35,"column":null}},"11":{"start":{"line":37,"column":4},"end":{"line":37,"column":null}},"12":{"start":{"line":39,"column":4},"end":{"line":41,"column":null}},"13":{"start":{"line":40,"column":8},"end":{"line":40,"column":null}},"14":{"start":{"line":42,"column":4},"end":{"line":44,"column":null}},"15":{"start":{"line":43,"column":8},"end":{"line":43,"column":null}},"16":{"start":{"line":46,"column":10},"end":{"line":46,"column":null}},"17":{"start":{"line":47,"column":4},"end":{"line":47,"column":null}},"18":{"start":{"line":27,"column":0},"end":{"line":27,"column":30}}},"fnMap":{"0":{"name":"getRoute","decl":{"start":{"line":27,"column":30},"end":{"line":27,"column":38}},"loc":{"start":{"line":27,"column":61},"end":{"line":48,"column":null}}},"1":{"name":"(anonymous_17)","decl":{"start":{"line":35,"column":13},"end":{"line":35,"column":16}},"loc":{"start":{"line":35,"column":16},"end":{"line":35,"column":23}}}},"branchMap":{"0":{"loc":{"start":{"line":28,"column":18},"end":{"line":28,"column":null}},"type":"switch","locations":[{"start":{"line":28,"column":18},"end":{"line":28,"column":null}}]},"1":{"loc":{"start":{"line":39,"column":4},"end":{"line":41,"column":null}},"type":"if","locations":[{"start":{"line":39,"column":4},"end":{"line":41,"column":null}}]},"2":{"loc":{"start":{"line":42,"column":4},"end":{"line":44,"column":null}},"type":"if","locations":[{"start":{"line":42,"column":4},"end":{"line":44,"column":null}}]},"3":{"loc":{"start":{"line":42,"column":8},"end":{"line":42,"column":67}},"type":"binary-expr","locations":[{"start":{"line":42,"column":8},"end":{"line":42,"column":30}},{"start":{"line":42,"column":34},"end":{"line":42,"column":67}}]}},"s":{"0":2,"1":2,"2":2,"3":3,"4":3,"5":2,"6":2,"7":2,"8":2,"9":2,"10":2,"11":2,"12":2,"13":0,"14":2,"15":1,"16":1,"17":1,"18":2},"f":{"0":3,"1":2},"b":{"0":[3],"1":[0],"2":[1],"3":[2,2]}}
,"/Users/tohhongxiang/Desktop/Programming/CZ3002-Backend/src/services/getTrainInformation.ts": {"path":"/Users/tohhongxiang/Desktop/Programming/CZ3002-Backend/src/services/getTrainInformation.ts","statementMap":{"0":{"start":{"line":2,"column":0},"end":{"line":2,"column":37}},"1":{"start":{"line":9,"column":28},"end":{"line":32,"column":null}},"2":{"start":{"line":9,"column":63},"end":{"line":32,"column":null}},"3":{"start":{"line":10,"column":21},"end":{"line":12,"column":null}},"4":{"start":{"line":10,"column":12},"end":{"line":10,"column":21}},"5":{"start":{"line":15,"column":4},"end":{"line":17,"column":null}},"6":{"start":{"line":16,"column":8},"end":{"line":16,"column":null}},"7":{"start":{"line":20,"column":10},"end":{"line":29,"column":null}},"8":{"start":{"line":21,"column":27},"end":{"line":21,"column":36}},"9":{"start":{"line":24,"column":8},"end":{"line":26,"column":null}},"10":{"start":{"line":24,"column":35},"end":{"line":24,"column":41}},"11":{"start":{"line":24,"column":35},"end":{"line":24,"column":67}},"12":{"start":{"line":24,"column":19},"end":{"line":24,"column":20}},"13":{"start":{"line":24,"column":23},"end":{"line":24,"column":25}},"14":{"start":{"line":24,"column":30},"end":{"line":24,"column":31}},"15":{"start":{"line":25,"column":12},"end":{"line":25,"column":null}},"16":{"start":{"line":28,"column":8},"end":{"line":28,"column":null}},"17":{"start":{"line":31,"column":4},"end":{"line":31,"column":null}},"18":{"start":{"line":34,"column":0},"end":{"line":34,"column":null}},"19":{"start":{"line":42,"column":4},"end":{"line":44,"column":null}},"20":{"start":{"line":43,"column":8},"end":{"line":43,"column":null}},"21":{"start":{"line":46,"column":4},"end":{"line":46,"column":null}}},"fnMap":{"0":{"name":"(anonymous_14)","decl":{"start":{"line":9,"column":28},"end":{"line":9,"column":35}},"loc":{"start":{"line":9,"column":63},"end":{"line":32,"column":null}}},"1":{"name":"(anonymous_15)","decl":{"start":{"line":9,"column":63},"end":{"line":9,"column":null}},"loc":{"start":{"line":9,"column":63},"end":{"line":32,"column":null}}},"2":{"name":"(anonymous_17)","decl":{"start":{"line":20,"column":28},"end":{"line":20,"column":29}},"loc":{"start":{"line":20,"column":72},"end":{"line":29,"column":5}}},"3":{"name":"convertStringToJSONIfNecessary","decl":{"start":{"line":41,"column":9},"end":{"line":41,"column":39}},"loc":{"start":{"line":41,"column":49},"end":{"line":47,"column":1}}}},"branchMap":{"0":{"loc":{"start":{"line":10,"column":21},"end":{"line":12,"column":null}},"type":"switch","locations":[{"start":{"line":10,"column":21},"end":{"line":12,"column":null}}]},"1":{"loc":{"start":{"line":15,"column":4},"end":{"line":17,"column":null}},"type":"if","locations":[{"start":{"line":15,"column":4},"end":{"line":17,"column":null}}]},"2":{"loc":{"start":{"line":42,"column":4},"end":{"line":44,"column":null}},"type":"if","locations":[{"start":{"line":42,"column":4},"end":{"line":44,"column":null}}]}},"s":{"0":2,"1":2,"2":4,"3":4,"4":4,"5":4,"6":0,"7":4,"8":3,"9":3,"10":3,"11":3,"12":12,"13":12,"14":12,"15":12,"16":3,"17":4,"18":2,"19":12,"20":6,"21":6},"f":{"0":4,"1":4,"2":3,"3":12},"b":{"0":[4],"1":[0],"2":[6]}}
,"/Users/tohhongxiang/Desktop/Programming/CZ3002-Backend/src/services/supabaseClient.ts": {"path":"/Users/tohhongxiang/Desktop/Programming/CZ3002-Backend/src/services/supabaseClient.ts","statementMap":{"0":{"start":{"line":1,"column":0},"end":{"line":1,"column":52}},"1":{"start":{"line":3,"column":20},"end":{"line":3,"column":44}},"2":{"start":{"line":4,"column":20},"end":{"line":4,"column":55}},"3":{"start":{"line":5,"column":17},"end":{"line":5,"column":57}},"4":{"start":{"line":7,"column":0},"end":{"line":7,"column":null}}},"fnMap":{},"branchMap":{},"s":{"0":3,"1":3,"2":3,"3":3,"4":3},"f":{},"b":{}}
}
