TN:
SF:src/constants.ts
FNF:0
FNH:0
DA:1,3
DA:4,3
LF:2
LH:2
BRF:0
BRH:0
end_of_record
TN:
SF:src/services/getAuthToken.ts
FN:8,(anonymous_14)
FN:16,(anonymous_17)
FNF:2
FNH:2
FNDA:10,(anonymous_14)
FNDA:5,(anonymous_17)
DA:1,3
DA:2,3
DA:8,8
DA:9,5
DA:16,5
DA:18,5
DA:19,2
DA:22,3
DA:25,3
LF:9
LH:9
BRDA:9,0,0,5
BRDA:18,1,0,2
BRF:2
BRH:2
end_of_record
TN:
SF:src/services/getBusInformation.ts
FN:4,(anonymous_14)
FN:4,(anonymous_15)
FNF:2
FNH:2
FNDA:4,(anonymous_14)
FNDA:4,(anonymous_15)
DA:2,2
DA:4,4
DA:5,4
DA:10,4
DA:11,1
DA:14,3
DA:15,1
DA:18,2
DA:21,2
LF:9
LH:9
BRDA:5,0,0,4
BRDA:10,1,0,1
BRDA:14,2,0,1
BRF:3
BRH:3
end_of_record
TN:
SF:src/services/getDirection.ts
FN:8,getDirection
FNF:1
FNH:1
FNDA:22,getDirection
DA:8,2
DA:9,22
DA:10,3
DA:11,2
DA:13,1
DA:15,19
DA:16,3
DA:17,1
DA:19,2
DA:21,16
DA:22,5
DA:23,3
DA:25,2
DA:27,11
DA:28,2
DA:29,1
DA:31,1
DA:33,9
DA:34,2
DA:35,1
DA:37,1
DA:39,7
DA:40,2
DA:41,1
DA:43,1
DA:45,5
DA:46,3
DA:47,1
DA:50,2
DA:51,1
DA:54,1
DA:55,2
DA:56,2
DA:57,1
DA:59,1
DA:61,0
DA:62,0
DA:63,0
DA:64,0
DA:65,0
DA:66,0
DA:68,0
DA:72,2
LF:43
LH:36
BRDA:9,0,0,3
BRDA:9,0,1,19
BRDA:10,1,0,2
BRDA:10,1,1,1
BRDA:15,2,0,3
BRDA:15,2,1,16
BRDA:16,3,0,1
BRDA:16,3,1,2
BRDA:21,4,0,5
BRDA:21,4,1,11
BRDA:22,5,0,3
BRDA:22,5,1,2
BRDA:27,6,0,2
BRDA:27,6,1,9
BRDA:28,7,0,1
BRDA:28,7,1,1
BRDA:33,8,0,2
BRDA:33,8,1,7
BRDA:34,9,0,1
BRDA:34,9,1,1
BRDA:39,10,0,2
BRDA:39,10,1,5
BRDA:40,11,0,1
BRDA:40,11,1,1
BRDA:45,12,0,3
BRDA:45,12,1,2
BRDA:46,13,0,1
BRDA:50,14,0,1
BRDA:55,15,0,2
BRDA:55,15,1,0
BRDA:56,16,0,1
BRDA:56,16,1,1
BRDA:61,17,0,0
BRDA:61,17,1,0
BRDA:63,18,0,0
BRDA:63,18,1,0
BRDA:65,19,0,0
BRDA:65,19,1,0
BRF:38
BRH:31
end_of_record
TN:
SF:src/services/getLastRoute.ts
FN:9,(anonymous_16)
FN:9,(anonymous_17)
FN:9,(anonymous_18)
FN:52,(anonymous_20)
FN:52,(anonymous_21)
FNF:5
FNH:5
FNDA:3,(anonymous_16)
FNDA:2,(anonymous_17)
FNDA:2,(anonymous_18)
FNDA:3,(anonymous_20)
FNDA:3,(anonymous_21)
DA:1,1
DA:2,1
DA:9,3
DA:11,2
DA:12,2
DA:16,2
DA:19,2
DA:23,1
DA:24,1
DA:27,1
DA:28,1
DA:29,1
DA:30,6
DA:31,6
DA:32,4
DA:35,2
DA:36,2
DA:37,1
DA:40,2
DA:41,2
DA:42,2
DA:47,1
DA:48,0
DA:52,3
DA:55,1
DA:56,1
DA:57,1
DA:58,1
DA:61,1
DA:62,6
DA:63,6
DA:65,6
DA:68,1
DA:76,1
DA:77,1
LF:35
LH:34
BRDA:31,0,0,4
BRDA:36,1,0,1
BRDA:40,2,0,2
BRDA:47,3,0,0
BRF:4
BRH:3
end_of_record
TN:
SF:src/services/getPublicTransportTimingFromRoute.ts
FN:13,getPublicTransportTimingFromRoute
FN:36,(anonymous_19)
FN:67,(anonymous_20)
FN:68,(anonymous_21)
FNF:4
FNH:4
FNDA:1,getPublicTransportTimingFromRoute
FNDA:1,(anonymous_19)
FNDA:2,(anonymous_20)
FNDA:3,(anonymous_21)
DA:2,1
DA:3,1
DA:4,1
DA:13,1
DA:14,1
DA:17,7
DA:18,6
DA:19,6
DA:20,6
DA:21,6
DA:23,6
DA:24,11
DA:25,1
DA:26,1
DA:27,1
DA:30,1
DA:32,1
DA:33,0
DA:36,1
DA:38,1
DA:39,1
DA:40,0
DA:41,1
DA:42,0
DA:43,1
DA:44,0
DA:46,1
DA:49,1
DA:50,8
DA:51,2
DA:52,2
DA:53,2
DA:54,2
DA:55,2
DA:56,2
DA:59,2
DA:61,2
DA:62,0
DA:65,2
DA:66,2
DA:67,2
DA:68,3
DA:70,2
DA:72,3
DA:76,1
DA:79,1
LF:46
LH:41
BRDA:76,0,0,1
BRDA:24,1,0,5
BRDA:32,2,0,0
BRDA:39,3,0,0
BRDA:39,3,1,1
BRDA:41,4,0,0
BRDA:41,4,1,1
BRDA:43,5,0,0
BRDA:43,5,1,1
BRDA:50,6,0,3
BRDA:61,7,0,0
BRDA:17,8,0,1
BRF:12
BRH:7
end_of_record
TN:
SF:src/services/getRoute.ts
FN:27,getRoute
FN:35,(anonymous_17)
FNF:2
FNH:2
FNDA:3,getRoute
FNDA:2,(anonymous_17)
DA:1,2
DA:3,2
DA:4,2
DA:27,2
DA:28,3
DA:29,2
DA:30,2
DA:31,2
DA:33,2
DA:35,2
DA:37,2
DA:39,2
DA:40,0
DA:42,2
DA:43,1
DA:46,1
DA:47,1
LF:17
LH:16
BRDA:28,0,0,3
BRDA:39,1,0,0
BRDA:42,2,0,1
BRDA:42,3,0,2
BRDA:42,3,1,2
BRF:5
BRH:4
end_of_record
TN:
SF:src/services/getTrainInformation.ts
FN:9,(anonymous_14)
FN:9,(anonymous_15)
FN:20,(anonymous_17)
FN:41,convertStringToJSONIfNecessary
FNF:4
FNH:4
FNDA:4,(anonymous_14)
FNDA:4,(anonymous_15)
FNDA:3,(anonymous_17)
FNDA:12,convertStringToJSONIfNecessary
DA:2,2
DA:9,4
DA:10,4
DA:15,4
DA:16,0
DA:20,4
DA:21,3
DA:24,12
DA:25,12
DA:28,3
DA:31,4
DA:34,2
DA:42,12
DA:43,6
DA:46,6
LF:15
LH:14
BRDA:10,0,0,4
BRDA:15,1,0,0
BRDA:42,2,0,6
BRF:3
BRH:2
end_of_record
TN:
SF:src/services/supabaseClient.ts
FNF:0
FNH:0
DA:1,3
DA:3,3
DA:4,3
DA:5,3
DA:7,3
LF:5
LH:5
BRF:0
BRH:0
end_of_record
